<?xml version="1.0" encoding="UTF-8"?>
<!-- Generated by org.testng.reporters.JUnitXMLReporter -->
<testsuite ignored="1" hostname="DESKTOP-P577LMI" failures="0" tests="2" name="Car Loan" time="0.021" errors="0" timestamp="2023-10-08T19:31:22 IST">
  <testcase classname="testCases.Day3" name="apiLoginCarLoan" time="0.003"/>
  <testcase classname="testCases.Day3" name="webLoginCarLoan" time="0.007"/>
  <testcase classname="testCases.Day3" name="mobileLoginCarLoan" time="0.0">
    <ignored/>
  </testcase> <!-- mobileLoginCarLoan -->
</testsuite> <!-- Car Loan -->
