<?xml version="1.0" encoding="UTF-8"?>
<!-- Generated by org.testng.reporters.JUnitXMLReporter -->
<testsuite ignored="0" hostname="DESKTOP-P577LMI" failures="0" tests="3" name="Home Loan" time="0.026" errors="0" timestamp="2023-10-08T17:59:20 IST">
  <testcase classname="testCases.Day4" name="apiLoginHomeLoan" time="0.002"/>
  <testcase classname="testCases.Day4" name="mobileLoginHomeLoan" time="0.003"/>
  <testcase classname="testCases.Day4" name="webLoginHomeLoan" time="0.006"/>
</testsuite> <!-- Home Loan -->
