<?xml version="1.0" encoding="UTF-8"?>
<!-- Generated by org.testng.reporters.JUnitXMLReporter -->
<testsuite ignored="0" hostname="DESKTOP-P577LMI" failures="0" tests="10" name="Personal Loan" time="0.409" errors="0" timestamp="2023-10-10T13:37:04 IST">
  <testcase classname="testCases.Day1" name="demo1" time="0.025"/>
  <testcase classname="testCases.Day1" name="demo2" time="0.013"/>
  <testcase classname="testCases.Day2" name="demo3" time="0.003"/>
  <testcase classname="testCases.Day3" name="apiLoginCarLoan" time="0.003"/>
  <testcase classname="testCases.Day3" name="mobileLoginCarLoan" time="0.012"/>
  <testcase classname="testCases.Day3" name="webLoginCarLoan" time="0.005"/>
  <testcase classname="testCases.Day4" name="apiLoginHomeLoan" time="0.016"/>
  <testcase classname="testCases.Day4" name="mobileLoginSignIn" time="0.012"/>
  <testcase classname="testCases.Day4" name="mobileLoginSignOut" time="0.008"/>
  <testcase classname="testCases.Day4" name="webLoginHomeLoan" time="0.022"/>
</testsuite> <!-- Personal Loan -->
